<?xml version="1.0" encoding="UTF-8"?>
<!-- Generated by org.testng.reporters.JUnitReportReporter -->
<testsuite skipped="0" hostname="DESKTOP-1542ABD" name="tescases.TC_003" tests="1" failures="0" timestamp="27 Feb 2019 20:35:40 GMT" time="25.315" errors="0">
  <testcase name="testcase3" time="25.315" classname="tescases.TC_003"/>
</testsuite> <!-- tescases.TC_003 -->
