<?xml version="1.0" encoding="UTF-8"?>
<!-- Generated by org.testng.reporters.JUnitReportReporter -->
<testsuite skipped="0" hostname="DESKTOP-1542ABD" name="tescases.TC_002" tests="1" failures="0" timestamp="27 Feb 2019 21:05:18 GMT" time="15.245" errors="0">
  <testcase name="testcase2" time="15.245" classname="tescases.TC_002"/>
</testsuite> <!-- tescases.TC_002 -->
