<?xml version="1.0" encoding="UTF-8"?>
<!-- Generated by org.testng.reporters.JUnitReportReporter -->
<testsuite skipped="0" hostname="DESKTOP-1542ABD" name="tescases.TC_001" tests="1" failures="0" timestamp="30 Dec 2018 20:04:04 GMT" time="8.907" errors="0">
  <testcase name="testcase1" time="8.907" classname="tescases.TC_001"/>
</testsuite> <!-- tescases.TC_001 -->
