<?xml version="1.0" encoding="UTF-8"?>
<!-- Generated by org.testng.reporters.JUnitReportReporter -->
<testsuite skipped="0" hostname="DESKTOP-1542ABD" name="tescases.TC_002" tests="1" failures="0" timestamp="27 Feb 2019 20:41:07 GMT" time="9.203" errors="0">
  <testcase name="testcase2" time="9.203" classname="tescases.TC_002"/>
</testsuite> <!-- tescases.TC_002 -->
