<?xml version="1.0" encoding="UTF-8"?>
<!-- Generated by org.testng.reporters.JUnitReportReporter -->
<testsuite skipped="0" hostname="DESKTOP-1542ABD" name="tescases.TC_003" tests="1" failures="0" timestamp="30 Dec 2018 20:04:04 GMT" time="13.508" errors="0">
  <testcase name="testcase3" time="13.508" classname="tescases.TC_003"/>
</testsuite> <!-- tescases.TC_003 -->
